{"name": "Переход в \"Ленту заказов\"", "status": "broken", "statusDetails": {"message": "selenium.common.exceptions.TimeoutException: Message: \nStacktrace:\n\tGetHandleVerifier [0x00007FF7DEF2EEA2+31554]\n\t(No symbol) [0x00007FF7DEEA7ED9]\n\t(No symbol) [0x00007FF7DED6872A]\n\t(No symbol) [0x00007FF7DEDB8434]\n\t(No symbol) [0x00007FF7DEDB853C]\n\t(No symbol) [0x00007FF7DEDFF6A7]\n\t(No symbol) [0x00007FF7DEDDD06F]\n\t(No symbol) [0x00007FF7DEDFC977]\n\t(No symbol) [0x00007FF7DEDDCDD3]\n\t(No symbol) [0x00007FF7DEDAA33B]\n\t(No symbol) [0x00007FF7DEDAAED1]\n\tGetHandleVerifier [0x00007FF7DF238B1D+3217341]\n\tGetHandleVerifier [0x00007FF7DF285AE3+3532675]\n\tGetHandleVerifier [0x00007FF7DF27B0E0+3489152]\n\tGetHandleVerifier [0x00007FF7DEFDE776+750614]\n\t(No symbol) [0x00007FF7DEEB375F]\n\t(No symbol) [0x00007FF7DEEAEB14]\n\t(No symbol) [0x00007FF7DEEAECA2]\n\t(No symbol) [0x00007FF7DEE9E16F]\n\tBaseThreadInitThunk [0x00007FFE67AC53E0+16]\n\tRtlUserThreadStart [0x00007FFE6890485B+43]", "trace": "self = <tests.test_main_page.TestMainPage object at 0x000002CEE0727160>, driver = <selenium.webdriver.chrome.webdriver.WebDriver (session=\"9d4f70e841b085f8914a8b9cc7e8dd01\")>\n\n    @allure.title('Переход в \"Ленту заказов\"')\n    def test_go_to_orders_success(self, driver):\n        main_page = MainPage(driver)\n        order_page = OrderPage(driver)\n    \n        main_page.click_orders_button()\n>       assert order_page.get_orders_title() == 'Лента заказов'\n\ntests\\test_main_page.py:21: \n_ _ _ _ _ _ _ _ _ _ _ _ _ _ _ _ _ _ _ _ _ _ _ _ _ _ _ _ _ _ _ _ _ _ _ _ _ _ _ _ _ _ _ _ _ _ _ _ _ _ _ _ _ _ _ _ _ _ _ _ _ _ _ _ _ _ _ _ _ _ _ _ _ _ _ _ _ _ _ _ _ _ _ _ _ _ _ _ _ _ _ _\npage_objects\\orders_page.py:9: in get_orders_title\n    return self.get_text_on_element(OrdersPageLocators.orders_title)\npage_objects\\base_page.py:36: in get_text_on_element\n    self.wait_visibility_of_element(locator)\npage_objects\\base_page.py:13: in wait_visibility_of_element\n    WebDriverWait(self.driver, 10).until(expected_conditions.visibility_of_element_located(locator))\n_ _ _ _ _ _ _ _ _ _ _ _ _ _ _ _ _ _ _ _ _ _ _ _ _ _ _ _ _ _ _ _ _ _ _ _ _ _ _ _ _ _ _ _ _ _ _ _ _ _ _ _ _ _ _ _ _ _ _ _ _ _ _ _ _ _ _ _ _ _ _ _ _ _ _ _ _ _ _ _ _ _ _ _ _ _ _ _ _ _ _ _\n\nself = <selenium.webdriver.support.wait.WebDriverWait (session=\"9d4f70e841b085f8914a8b9cc7e8dd01\")>\nmethod = <function visibility_of_element_located.<locals>._predicate at 0x000002CEDE0B8DC0>, message = ''\n\n    def until(self, method: Callable[[D], Union[Literal[False], T]], message: str = \"\") -> T:\n        \"\"\"Calls the method provided with the driver as an argument until the \\\n        return value does not evaluate to ``False``.\n    \n        :param method: callable(WebDriver)\n        :param message: optional message for :exc:`TimeoutException`\n        :returns: the result of the last call to `method`\n        :raises: :exc:`selenium.common.exceptions.TimeoutException` if timeout occurs\n        \"\"\"\n        screen = None\n        stacktrace = None\n    \n        end_time = time.monotonic() + self._timeout\n        while True:\n            try:\n                value = method(self._driver)\n                if value:\n                    return value\n            except self._ignored_exceptions as exc:\n                screen = getattr(exc, \"screen\", None)\n                stacktrace = getattr(exc, \"stacktrace\", None)\n            time.sleep(self._poll)\n            if time.monotonic() > end_time:\n                break\n>       raise TimeoutException(message, screen, stacktrace)\nE       selenium.common.exceptions.TimeoutException: Message: \nE       Stacktrace:\nE       \tGetHandleVerifier [0x00007FF7DEF2EEA2+31554]\nE       \t(No symbol) [0x00007FF7DEEA7ED9]\nE       \t(No symbol) [0x00007FF7DED6872A]\nE       \t(No symbol) [0x00007FF7DEDB8434]\nE       \t(No symbol) [0x00007FF7DEDB853C]\nE       \t(No symbol) [0x00007FF7DEDFF6A7]\nE       \t(No symbol) [0x00007FF7DEDDD06F]\nE       \t(No symbol) [0x00007FF7DEDFC977]\nE       \t(No symbol) [0x00007FF7DEDDCDD3]\nE       \t(No symbol) [0x00007FF7DEDAA33B]\nE       \t(No symbol) [0x00007FF7DEDAAED1]\nE       \tGetHandleVerifier [0x00007FF7DF238B1D+3217341]\nE       \tGetHandleVerifier [0x00007FF7DF285AE3+3532675]\nE       \tGetHandleVerifier [0x00007FF7DF27B0E0+3489152]\nE       \tGetHandleVerifier [0x00007FF7DEFDE776+750614]\nE       \t(No symbol) [0x00007FF7DEEB375F]\nE       \t(No symbol) [0x00007FF7DEEAEB14]\nE       \t(No symbol) [0x00007FF7DEEAECA2]\nE       \t(No symbol) [0x00007FF7DEE9E16F]\nE       \tBaseThreadInitThunk [0x00007FFE67AC53E0+16]\nE       \tRtlUserThreadStart [0x00007FFE6890485B+43]\n\nvenv\\lib\\site-packages\\selenium\\webdriver\\support\\wait.py:105: TimeoutException"}, "steps": [{"name": "Переход к \"Ленте заказов\"", "status": "passed", "steps": [{"name": "Проверить кликабельность элемента", "status": "passed", "parameters": [{"name": "locator", "value": "('xpath', '//p[text()=\"Лента Заказов\"]/parent::a/parent::li')"}], "start": 1719792748101, "stop": 1719792748174}, {"name": "Кликнуть на элемент", "status": "passed", "steps": [{"name": "Проверить кликабельность элемента", "status": "passed", "parameters": [{"name": "locator", "value": "('xpath', '//p[text()=\"Лента Заказов\"]/parent::a/parent::li')"}], "start": 1719792748174, "stop": 1719792748219}], "parameters": [{"name": "locator", "value": "('xpath', '//p[text()=\"Лента Заказов\"]/parent::a/parent::li')"}], "start": 1719792748174, "stop": 1719792748519}], "start": 1719792748101, "stop": 1719792748519}, {"name": "Получить текст заголовка раздела заказов", "status": "broken", "statusDetails": {"message": "selenium.common.exceptions.TimeoutException: Message: \nStacktrace:\n\tGetHandleVerifier [0x00007FF7DEF2EEA2+31554]\n\t(No symbol) [0x00007FF7DEEA7ED9]\n\t(No symbol) [0x00007FF7DED6872A]\n\t(No symbol) [0x00007FF7DEDB8434]\n\t(No symbol) [0x00007FF7DEDB853C]\n\t(No symbol) [0x00007FF7DEDFF6A7]\n\t(No symbol) [0x00007FF7DEDDD06F]\n\t(No symbol) [0x00007FF7DEDFC977]\n\t(No symbol) [0x00007FF7DEDDCDD3]\n\t(No symbol) [0x00007FF7DEDAA33B]\n\t(No symbol) [0x00007FF7DEDAAED1]\n\tGetHandleVerifier [0x00007FF7DF238B1D+3217341]\n\tGetHandleVerifier [0x00007FF7DF285AE3+3532675]\n\tGetHandleVerifier [0x00007FF7DF27B0E0+3489152]\n\tGetHandleVerifier [0x00007FF7DEFDE776+750614]\n\t(No symbol) [0x00007FF7DEEB375F]\n\t(No symbol) [0x00007FF7DEEAEB14]\n\t(No symbol) [0x00007FF7DEEAECA2]\n\t(No symbol) [0x00007FF7DEE9E16F]\n\tBaseThreadInitThunk [0x00007FFE67AC53E0+16]\n\tRtlUserThreadStart [0x00007FFE6890485B+43]\n\n", "trace": "  File \"C:\\Diplom_3\\venv\\lib\\site-packages\\allure_commons\\_allure.py\", line 192, in impl\n    return func(*a, **kw)\n  File \"C:\\Diplom_3\\page_objects\\orders_page.py\", line 9, in get_orders_title\n    return self.get_text_on_element(OrdersPageLocators.orders_title)\n  File \"C:\\Diplom_3\\venv\\lib\\site-packages\\allure_commons\\_allure.py\", line 192, in impl\n    return func(*a, **kw)\n  File \"C:\\Diplom_3\\page_objects\\base_page.py\", line 36, in get_text_on_element\n    self.wait_visibility_of_element(locator)\n  File \"C:\\Diplom_3\\venv\\lib\\site-packages\\allure_commons\\_allure.py\", line 192, in impl\n    return func(*a, **kw)\n  File \"C:\\Diplom_3\\page_objects\\base_page.py\", line 13, in wait_visibility_of_element\n    WebDriverWait(self.driver, 10).until(expected_conditions.visibility_of_element_located(locator))\n  File \"C:\\Diplom_3\\venv\\lib\\site-packages\\selenium\\webdriver\\support\\wait.py\", line 105, in until\n    raise TimeoutException(message, screen, stacktrace)\n"}, "steps": [{"name": "Получить текст на элементе", "status": "broken", "statusDetails": {"message": "selenium.common.exceptions.TimeoutException: Message: \nStacktrace:\n\tGetHandleVerifier [0x00007FF7DEF2EEA2+31554]\n\t(No symbol) [0x00007FF7DEEA7ED9]\n\t(No symbol) [0x00007FF7DED6872A]\n\t(No symbol) [0x00007FF7DEDB8434]\n\t(No symbol) [0x00007FF7DEDB853C]\n\t(No symbol) [0x00007FF7DEDFF6A7]\n\t(No symbol) [0x00007FF7DEDDD06F]\n\t(No symbol) [0x00007FF7DEDFC977]\n\t(No symbol) [0x00007FF7DEDDCDD3]\n\t(No symbol) [0x00007FF7DEDAA33B]\n\t(No symbol) [0x00007FF7DEDAAED1]\n\tGetHandleVerifier [0x00007FF7DF238B1D+3217341]\n\tGetHandleVerifier [0x00007FF7DF285AE3+3532675]\n\tGetHandleVerifier [0x00007FF7DF27B0E0+3489152]\n\tGetHandleVerifier [0x00007FF7DEFDE776+750614]\n\t(No symbol) [0x00007FF7DEEB375F]\n\t(No symbol) [0x00007FF7DEEAEB14]\n\t(No symbol) [0x00007FF7DEEAECA2]\n\t(No symbol) [0x00007FF7DEE9E16F]\n\tBaseThreadInitThunk [0x00007FFE67AC53E0+16]\n\tRtlUserThreadStart [0x00007FFE6890485B+43]\n\n", "trace": "  File \"C:\\Diplom_3\\venv\\lib\\site-packages\\allure_commons\\_allure.py\", line 192, in impl\n    return func(*a, **kw)\n  File \"C:\\Diplom_3\\page_objects\\base_page.py\", line 36, in get_text_on_element\n    self.wait_visibility_of_element(locator)\n  File \"C:\\Diplom_3\\venv\\lib\\site-packages\\allure_commons\\_allure.py\", line 192, in impl\n    return func(*a, **kw)\n  File \"C:\\Diplom_3\\page_objects\\base_page.py\", line 13, in wait_visibility_of_element\n    WebDriverWait(self.driver, 10).until(expected_conditions.visibility_of_element_located(locator))\n  File \"C:\\Diplom_3\\venv\\lib\\site-packages\\selenium\\webdriver\\support\\wait.py\", line 105, in until\n    raise TimeoutException(message, screen, stacktrace)\n"}, "steps": [{"name": "Подождать прогрузки элемента", "status": "broken", "statusDetails": {"message": "selenium.common.exceptions.TimeoutException: Message: \nStacktrace:\n\tGetHandleVerifier [0x00007FF7DEF2EEA2+31554]\n\t(No symbol) [0x00007FF7DEEA7ED9]\n\t(No symbol) [0x00007FF7DED6872A]\n\t(No symbol) [0x00007FF7DEDB8434]\n\t(No symbol) [0x00007FF7DEDB853C]\n\t(No symbol) [0x00007FF7DEDFF6A7]\n\t(No symbol) [0x00007FF7DEDDD06F]\n\t(No symbol) [0x00007FF7DEDFC977]\n\t(No symbol) [0x00007FF7DEDDCDD3]\n\t(No symbol) [0x00007FF7DEDAA33B]\n\t(No symbol) [0x00007FF7DEDAAED1]\n\tGetHandleVerifier [0x00007FF7DF238B1D+3217341]\n\tGetHandleVerifier [0x00007FF7DF285AE3+3532675]\n\tGetHandleVerifier [0x00007FF7DF27B0E0+3489152]\n\tGetHandleVerifier [0x00007FF7DEFDE776+750614]\n\t(No symbol) [0x00007FF7DEEB375F]\n\t(No symbol) [0x00007FF7DEEAEB14]\n\t(No symbol) [0x00007FF7DEEAECA2]\n\t(No symbol) [0x00007FF7DEE9E16F]\n\tBaseThreadInitThunk [0x00007FFE67AC53E0+16]\n\tRtlUserThreadStart [0x00007FFE6890485B+43]\n\n", "trace": "  File \"C:\\Diplom_3\\venv\\lib\\site-packages\\allure_commons\\_allure.py\", line 192, in impl\n    return func(*a, **kw)\n  File \"C:\\Diplom_3\\page_objects\\base_page.py\", line 13, in wait_visibility_of_element\n    WebDriverWait(self.driver, 10).until(expected_conditions.visibility_of_element_located(locator))\n  File \"C:\\Diplom_3\\venv\\lib\\site-packages\\selenium\\webdriver\\support\\wait.py\", line 105, in until\n    raise TimeoutException(message, screen, stacktrace)\n"}, "parameters": [{"name": "locator", "value": "('xpath', '//div[contains(@class, \"OrderFeed_orderFeed\")]/h1')"}], "start": 1719792748519, "stop": 1719792759008}], "parameters": [{"name": "locator", "value": "('xpath', '//div[contains(@class, \"OrderFeed_orderFeed\")]/h1')"}], "start": 1719792748519, "stop": 1719792759018}], "start": 1719792748519, "stop": 1719792759018}], "parameters": [{"name": "driver", "value": "'chrome'"}], "start": 1719792748101, "stop": 1719792759026, "uuid": "d6b9d911-be7e-4d3b-9b90-c764e10856cd", "historyId": "68337930c4314770ff1e386a79328ded", "testCaseId": "fe3fe2accdea4368dcfe92c788670ba7", "fullName": "tests.test_main_page.TestMainPage#test_go_to_orders_success", "labels": [{"name": "parentSuite", "value": "tests"}, {"name": "suite", "value": "test_main_page"}, {"name": "subSuite", "value": "TestMainPage"}, {"name": "host", "value": "Rayless"}, {"name": "thread", "value": "14104-MainThread"}, {"name": "framework", "value": "pytest"}, {"name": "language", "value": "cpython3"}, {"name": "package", "value": "tests.test_main_page"}]}