{"name": "Новый заказ появляется в разделе \"В работе\"", "status": "broken", "statusDetails": {"message": "selenium.common.exceptions.TimeoutException: Message: \nStacktrace:\n\tGetHandleVerifier [0x00007FF7DEF2EEA2+31554]\n\t(No symbol) [0x00007FF7DEEA7ED9]\n\t(No symbol) [0x00007FF7DED6872A]\n\t(No symbol) [0x00007FF7DEDB8434]\n\t(No symbol) [0x00007FF7DEDB853C]\n\t(No symbol) [0x00007FF7DEDFF6A7]\n\t(No symbol) [0x00007FF7DEDDD06F]\n\t(No symbol) [0x00007FF7DEDFC977]\n\t(No symbol) [0x00007FF7DEDDCDD3]\n\t(No symbol) [0x00007FF7DEDAA33B]\n\t(No symbol) [0x00007FF7DEDAAED1]\n\tGetHandleVerifier [0x00007FF7DF238B1D+3217341]\n\tGetHandleVerifier [0x00007FF7DF285AE3+3532675]\n\tGetHandleVerifier [0x00007FF7DF27B0E0+3489152]\n\tGetHandleVerifier [0x00007FF7DEFDE776+750614]\n\t(No symbol) [0x00007FF7DEEB375F]\n\t(No symbol) [0x00007FF7DEEAEB14]\n\t(No symbol) [0x00007FF7DEEAECA2]\n\t(No symbol) [0x00007FF7DEE9E16F]\n\tBaseThreadInitThunk [0x00007FFE67AC53E0+16]\n\tRtlUserThreadStart [0x00007FFE6890485B+43]", "trace": "self = <tests.test_orders_page.TestOrdersPage object at 0x00000240E9780DC0>, driver = <selenium.webdriver.chrome.webdriver.WebDriver (session=\"07eede80a781203f4ed0812a6da75631\")>\nset_token = None\n\n    @allure.title('Новый заказ появляется в разделе \"В работе\"')\n    def test_add_new_order_its_visible_in_work_section(self, driver, set_token):\n        main_page = MainPage(driver)\n        order_page = OrderPage(driver)\n    \n        main_page.click_button_login()\n        main_page.add_ingredient_to_basket()\n        main_page.click_button_make_order()\n        new_order_id = main_page.get_number_confirm_order()\n        main_page.click_button_close_confirm_order()\n        main_page.click_orders_button()\n>       assert order_page.get_order_in_progress_num() == '0'+new_order_id\n\ntests\\test_orders_page.py:78: \n_ _ _ _ _ _ _ _ _ _ _ _ _ _ _ _ _ _ _ _ _ _ _ _ _ _ _ _ _ _ _ _ _ _ _ _ _ _ _ _ _ _ _ _ _ _ _ _ _ _ _ _ _ _ _ _ _ _ _ _ _ _ _ _ _ _ _ _ _ _ _ _ _ _ _ _ _ _ _ _ _ _ _ _ _ _ _ _ _ _ _ _\npage_objects\\orders_page.py:39: in get_order_in_progress_num\n    self.wait_visibility_of_element(OrdersPageLocators.order_in_progress_num)\npage_objects\\base_page.py:13: in wait_visibility_of_element\n    WebDriverWait(self.driver, 10).until(expected_conditions.visibility_of_element_located(locator))\n_ _ _ _ _ _ _ _ _ _ _ _ _ _ _ _ _ _ _ _ _ _ _ _ _ _ _ _ _ _ _ _ _ _ _ _ _ _ _ _ _ _ _ _ _ _ _ _ _ _ _ _ _ _ _ _ _ _ _ _ _ _ _ _ _ _ _ _ _ _ _ _ _ _ _ _ _ _ _ _ _ _ _ _ _ _ _ _ _ _ _ _\n\nself = <selenium.webdriver.support.wait.WebDriverWait (session=\"07eede80a781203f4ed0812a6da75631\")>\nmethod = <function visibility_of_element_located.<locals>._predicate at 0x00000240E71101F0>, message = ''\n\n    def until(self, method: Callable[[D], Union[Literal[False], T]], message: str = \"\") -> T:\n        \"\"\"Calls the method provided with the driver as an argument until the \\\n        return value does not evaluate to ``False``.\n    \n        :param method: callable(WebDriver)\n        :param message: optional message for :exc:`TimeoutException`\n        :returns: the result of the last call to `method`\n        :raises: :exc:`selenium.common.exceptions.TimeoutException` if timeout occurs\n        \"\"\"\n        screen = None\n        stacktrace = None\n    \n        end_time = time.monotonic() + self._timeout\n        while True:\n            try:\n                value = method(self._driver)\n                if value:\n                    return value\n            except self._ignored_exceptions as exc:\n                screen = getattr(exc, \"screen\", None)\n                stacktrace = getattr(exc, \"stacktrace\", None)\n            time.sleep(self._poll)\n            if time.monotonic() > end_time:\n                break\n>       raise TimeoutException(message, screen, stacktrace)\nE       selenium.common.exceptions.TimeoutException: Message: \nE       Stacktrace:\nE       \tGetHandleVerifier [0x00007FF7DEF2EEA2+31554]\nE       \t(No symbol) [0x00007FF7DEEA7ED9]\nE       \t(No symbol) [0x00007FF7DED6872A]\nE       \t(No symbol) [0x00007FF7DEDB8434]\nE       \t(No symbol) [0x00007FF7DEDB853C]\nE       \t(No symbol) [0x00007FF7DEDFF6A7]\nE       \t(No symbol) [0x00007FF7DEDDD06F]\nE       \t(No symbol) [0x00007FF7DEDFC977]\nE       \t(No symbol) [0x00007FF7DEDDCDD3]\nE       \t(No symbol) [0x00007FF7DEDAA33B]\nE       \t(No symbol) [0x00007FF7DEDAAED1]\nE       \tGetHandleVerifier [0x00007FF7DF238B1D+3217341]\nE       \tGetHandleVerifier [0x00007FF7DF285AE3+3532675]\nE       \tGetHandleVerifier [0x00007FF7DF27B0E0+3489152]\nE       \tGetHandleVerifier [0x00007FF7DEFDE776+750614]\nE       \t(No symbol) [0x00007FF7DEEB375F]\nE       \t(No symbol) [0x00007FF7DEEAEB14]\nE       \t(No symbol) [0x00007FF7DEEAECA2]\nE       \t(No symbol) [0x00007FF7DEE9E16F]\nE       \tBaseThreadInitThunk [0x00007FFE67AC53E0+16]\nE       \tRtlUserThreadStart [0x00007FFE6890485B+43]\n\nvenv\\lib\\site-packages\\selenium\\webdriver\\support\\wait.py:105: TimeoutException"}, "steps": [{"name": "Кликнуть по кнопке \"Войти в аккаунт\"", "status": "passed", "steps": [{"name": "Кликнуть на элемент", "status": "passed", "steps": [{"name": "Проверить кликабельность элемента", "status": "passed", "parameters": [{"name": "locator", "value": "('xpath', './/button[text() = \"Войти в аккаунт\"]')"}], "start": 1719794334031, "stop": 1719794334089}], "parameters": [{"name": "locator", "value": "('xpath', './/button[text() = \"Войти в аккаунт\"]')"}], "start": 1719794334031, "stop": 1719794334402}], "start": 1719794334031, "stop": 1719794334402}, {"name": "Добавить интгридиент", "status": "passed", "steps": [{"name": "Найти элемент на странице", "status": "passed", "steps": [{"name": "Подождать прогрузки элемента", "status": "passed", "parameters": [{"name": "locator", "value": "('xpath', './/*[@alt=\"Флюоресцентная булка R2-D3\"]')"}], "start": 1719794334403, "stop": 1719794334967}], "parameters": [{"name": "locator", "value": "('xpath', './/*[@alt=\"Флюоресцентная булка R2-D3\"]')"}], "start": 1719794334403, "stop": 1719794334980}, {"name": "Найти элемент на странице", "status": "passed", "steps": [{"name": "Подождать прогрузки элемента", "status": "passed", "parameters": [{"name": "locator", "value": "('xpath', '//section[contains(@class, \"BurgerConstructor_basket\")]')"}], "start": 1719794334980, "stop": 1719794335006}], "parameters": [{"name": "locator", "value": "('xpath', '//section[contains(@class, \"BurgerConstructor_basket\")]')"}], "start": 1719794334980, "stop": 1719794335015}, {"name": "Перетащить элемент", "status": "passed", "parameters": [{"name": "source_element", "value": "<selenium.webdriver.remote.webelement.WebElement (session=\"07eede80a781203f4ed0812a6da75631\", element=\"f.2F0A8556FF8381B1DCA4C389083689A0.d.0178CE81198697B788186DD9E94C1E7F.e.77\")>"}, {"name": "target_element", "value": "<selenium.webdriver.remote.webelement.WebElement (session=\"07eede80a781203f4ed0812a6da75631\", element=\"f.2F0A8556FF8381B1DCA4C389083689A0.d.0178CE81198697B788186DD9E94C1E7F.e.78\")>"}], "start": 1719794335015, "stop": 1719794340604}], "start": 1719794334403, "stop": 1719794340604}, {"name": "Кликнуть на кнопку создания заказа", "status": "passed", "steps": [{"name": "Подождать прогрузки элемента", "status": "passed", "parameters": [{"name": "locator", "value": "('xpath', '//button[text()=\"Оформить заказ\"]')"}], "start": 1719794340604, "stop": 1719794340636}, {"name": "Кликнуть на элемент", "status": "passed", "steps": [{"name": "Проверить кликабельность элемента", "status": "passed", "parameters": [{"name": "locator", "value": "('xpath', '//button[text()=\"Оформить заказ\"]')"}], "start": 1719794340636, "stop": 1719794340676}], "parameters": [{"name": "locator", "value": "('xpath', '//button[text()=\"Оформить заказ\"]')"}], "start": 1719794340636, "stop": 1719794340961}], "start": 1719794340604, "stop": 1719794340961}, {"name": "Получить номер в окне подтверждения заказа", "status": "passed", "steps": [{"name": "Подождать смену текста на элементе", "status": "passed", "parameters": [{"name": "locator", "value": "('xpath', '//section[contains(@class, \"Modal_modal_opened\")]//h2')"}, {"name": "value", "value": "'9999'"}], "start": 1719794340961, "stop": 1719794341001}, {"name": "Получить текст на элементе", "status": "passed", "steps": [{"name": "Подождать прогрузки элемента", "status": "passed", "parameters": [{"name": "locator", "value": "('xpath', '//section[contains(@class, \"Modal_modal_opened\")]//h2')"}], "start": 1719794341001, "stop": 1719794341566}], "parameters": [{"name": "locator", "value": "('xpath', '//section[contains(@class, \"Modal_modal_opened\")]//h2')"}], "start": 1719794341001, "stop": 1719794341587}], "start": 1719794340961, "stop": 1719794341587}, {"name": "Закрыть окно подтверждения заказа", "status": "passed", "steps": [{"name": "Проверить кликабельность элемента", "status": "passed", "parameters": [{"name": "locator", "value": "('xpath', '//button[contains(@class, \"Modal_modal__close_modified\")]')"}], "start": 1719794341595, "stop": 1719794341640}, {"name": "Подождать прогрузки элемента", "status": "passed", "parameters": [{"name": "locator", "value": "('xpath', '//button[contains(@class, \"Modal_modal__close_modified\")]')"}], "start": 1719794341640, "stop": 1719794341679}, {"name": "Найти элемент на странице", "status": "passed", "steps": [{"name": "Подождать прогрузки элемента", "status": "passed", "parameters": [{"name": "locator", "value": "('xpath', '//button[contains(@class, \"Modal_modal__close_modified\")]')"}], "start": 1719794341679, "stop": 1719794341712}], "parameters": [{"name": "locator", "value": "('xpath', '//button[contains(@class, \"Modal_modal__close_modified\")]')"}], "start": 1719794341679, "stop": 1719794341730}, {"name": "Кликнуть на элемент", "status": "passed", "steps": [{"name": "Проверить кликабельность элемента", "status": "passed", "parameters": [{"name": "locator", "value": "('xpath', '//button[contains(@class, \"Modal_modal__close_modified\")]')"}], "start": 1719794341730, "stop": 1719794341772}], "parameters": [{"name": "locator", "value": "('xpath', '//button[contains(@class, \"Modal_modal__close_modified\")]')"}], "start": 1719794341730, "stop": 1719794342060}], "start": 1719794341595, "stop": 1719794342060}, {"name": "Переход к \"Ленте заказов\"", "status": "passed", "steps": [{"name": "Подождать прогрузки элемента", "status": "passed", "parameters": [{"name": "locator", "value": "('xpath', '//p[text()=\"Лента Заказов\"]/parent::a/parent::li')"}], "start": 1719794342060, "stop": 1719794342112}, {"name": "Кликнуть на элемент", "status": "passed", "steps": [{"name": "Проверить кликабельность элемента", "status": "passed", "parameters": [{"name": "locator", "value": "('xpath', '//p[text()=\"Лента Заказов\"]/parent::a/parent::li')"}], "start": 1719794342112, "stop": 1719794342189}], "parameters": [{"name": "locator", "value": "('xpath', '//p[text()=\"Лента Заказов\"]/parent::a/parent::li')"}], "start": 1719794342112, "stop": 1719794342482}], "start": 1719794342060, "stop": 1719794342482}, {"name": "Получить номер последнего заказа в разделе \"В работе\"", "status": "broken", "statusDetails": {"message": "selenium.common.exceptions.TimeoutException: Message: \nStacktrace:\n\tGetHandleVerifier [0x00007FF7DEF2EEA2+31554]\n\t(No symbol) [0x00007FF7DEEA7ED9]\n\t(No symbol) [0x00007FF7DED6872A]\n\t(No symbol) [0x00007FF7DEDB8434]\n\t(No symbol) [0x00007FF7DEDB853C]\n\t(No symbol) [0x00007FF7DEDFF6A7]\n\t(No symbol) [0x00007FF7DEDDD06F]\n\t(No symbol) [0x00007FF7DEDFC977]\n\t(No symbol) [0x00007FF7DEDDCDD3]\n\t(No symbol) [0x00007FF7DEDAA33B]\n\t(No symbol) [0x00007FF7DEDAAED1]\n\tGetHandleVerifier [0x00007FF7DF238B1D+3217341]\n\tGetHandleVerifier [0x00007FF7DF285AE3+3532675]\n\tGetHandleVerifier [0x00007FF7DF27B0E0+3489152]\n\tGetHandleVerifier [0x00007FF7DEFDE776+750614]\n\t(No symbol) [0x00007FF7DEEB375F]\n\t(No symbol) [0x00007FF7DEEAEB14]\n\t(No symbol) [0x00007FF7DEEAECA2]\n\t(No symbol) [0x00007FF7DEE9E16F]\n\tBaseThreadInitThunk [0x00007FFE67AC53E0+16]\n\tRtlUserThreadStart [0x00007FFE6890485B+43]\n\n", "trace": "  File \"C:\\Diplom_3\\venv\\lib\\site-packages\\allure_commons\\_allure.py\", line 192, in impl\n    return func(*a, **kw)\n  File \"C:\\Diplom_3\\page_objects\\orders_page.py\", line 39, in get_order_in_progress_num\n    self.wait_visibility_of_element(OrdersPageLocators.order_in_progress_num)\n  File \"C:\\Diplom_3\\venv\\lib\\site-packages\\allure_commons\\_allure.py\", line 192, in impl\n    return func(*a, **kw)\n  File \"C:\\Diplom_3\\page_objects\\base_page.py\", line 13, in wait_visibility_of_element\n    WebDriverWait(self.driver, 10).until(expected_conditions.visibility_of_element_located(locator))\n  File \"C:\\Diplom_3\\venv\\lib\\site-packages\\selenium\\webdriver\\support\\wait.py\", line 105, in until\n    raise TimeoutException(message, screen, stacktrace)\n"}, "steps": [{"name": "Подождать прогрузки элемента", "status": "broken", "statusDetails": {"message": "selenium.common.exceptions.TimeoutException: Message: \nStacktrace:\n\tGetHandleVerifier [0x00007FF7DEF2EEA2+31554]\n\t(No symbol) [0x00007FF7DEEA7ED9]\n\t(No symbol) [0x00007FF7DED6872A]\n\t(No symbol) [0x00007FF7DEDB8434]\n\t(No symbol) [0x00007FF7DEDB853C]\n\t(No symbol) [0x00007FF7DEDFF6A7]\n\t(No symbol) [0x00007FF7DEDDD06F]\n\t(No symbol) [0x00007FF7DEDFC977]\n\t(No symbol) [0x00007FF7DEDDCDD3]\n\t(No symbol) [0x00007FF7DEDAA33B]\n\t(No symbol) [0x00007FF7DEDAAED1]\n\tGetHandleVerifier [0x00007FF7DF238B1D+3217341]\n\tGetHandleVerifier [0x00007FF7DF285AE3+3532675]\n\tGetHandleVerifier [0x00007FF7DF27B0E0+3489152]\n\tGetHandleVerifier [0x00007FF7DEFDE776+750614]\n\t(No symbol) [0x00007FF7DEEB375F]\n\t(No symbol) [0x00007FF7DEEAEB14]\n\t(No symbol) [0x00007FF7DEEAECA2]\n\t(No symbol) [0x00007FF7DEE9E16F]\n\tBaseThreadInitThunk [0x00007FFE67AC53E0+16]\n\tRtlUserThreadStart [0x00007FFE6890485B+43]\n\n", "trace": "  File \"C:\\Diplom_3\\venv\\lib\\site-packages\\allure_commons\\_allure.py\", line 192, in impl\n    return func(*a, **kw)\n  File \"C:\\Diplom_3\\page_objects\\base_page.py\", line 13, in wait_visibility_of_element\n    WebDriverWait(self.driver, 10).until(expected_conditions.visibility_of_element_located(locator))\n  File \"C:\\Diplom_3\\venv\\lib\\site-packages\\selenium\\webdriver\\support\\wait.py\", line 105, in until\n    raise TimeoutException(message, screen, stacktrace)\n"}, "parameters": [{"name": "locator", "value": "('xpath', '//ul[contains(@class, \"OrderFeed_orderListReady\")]/li[contains(@class, \"text_type_digits-default\")]')"}], "start": 1719794342482, "stop": 1719794352840}], "start": 1719794342482, "stop": 1719794352840}], "parameters": [{"name": "driver", "value": "'chrome'"}], "start": 1719794334031, "stop": 1719794352840, "uuid": "bd995ed0-17ea-4c93-ac6f-e546f62734e8", "historyId": "f01462c586a8907e9db5be01e647ac11", "testCaseId": "67b0fd1cf36140ce2a21b9d5e2a85777", "fullName": "tests.test_orders_page.TestOrdersPage#test_add_new_order_its_visible_in_work_section", "labels": [{"name": "parentSuite", "value": "tests"}, {"name": "suite", "value": "test_orders_page"}, {"name": "subSuite", "value": "TestOrdersPage"}, {"name": "host", "value": "Rayless"}, {"name": "thread", "value": "19048-MainThread"}, {"name": "framework", "value": "pytest"}, {"name": "language", "value": "cpython3"}, {"name": "package", "value": "tests.test_orders_page"}]}