{"name": "Оформление заказа пользователем", "status": "failed", "statusDetails": {"message": "AssertionError: assert False\n +  where False = <bound method MainPage.check_confirm_order_window_visibility of <page_objects.main_page.MainPage object at 0x000002CEE0828460>>()\n +    where <bound method MainPage.check_confirm_order_window_visibility of <page_objects.main_page.MainPage object at 0x000002CEE0828460>> = <page_objects.main_page.MainPage object at 0x000002CEE0828460>.check_confirm_order_window_visibility", "trace": "self = <tests.test_main_page.TestMainPage object at 0x000002CEDE0B0DC0>, driver = <selenium.webdriver.chrome.webdriver.WebDriver (session=\"7f4142989cfffd9f077064f10a02ac63\")>\nset_token = None\n\n    @allure.title('Оформление заказа пользователем')\n    def test_user_make_order_order_created(self, driver, set_token):\n        main_page = MainPage(driver)\n    \n        main_page.click_button_login()\n        main_page.add_ingredient_to_basket()\n        main_page.click_button_make_order()\n>       assert main_page.check_confirm_order_window_visibility()\nE       assert False\nE        +  where False = <bound method MainPage.check_confirm_order_window_visibility of <page_objects.main_page.MainPage object at 0x000002CEE0828460>>()\nE        +    where <bound method MainPage.check_confirm_order_window_visibility of <page_objects.main_page.MainPage object at 0x000002CEE0828460>> = <page_objects.main_page.MainPage object at 0x000002CEE0828460>.check_confirm_order_window_visibility\n\ntests\\test_main_page.py:52: AssertionError"}, "steps": [{"name": "Кликнуть по кнопке \"Войти в аккаунт\"", "status": "passed", "steps": [{"name": "Кликнуть на элемент", "status": "passed", "steps": [{"name": "Проверить кликабельность элемента", "status": "passed", "parameters": [{"name": "locator", "value": "('xpath', './/button[text() = \"Войти в аккаунт\"]')"}], "start": 1719792876526, "stop": 1719792876573}], "parameters": [{"name": "locator", "value": "('xpath', './/button[text() = \"Войти в аккаунт\"]')"}], "start": 1719792876526, "stop": 1719792876912}], "start": 1719792876526, "stop": 1719792876913}, {"name": "Добавить интгридиент", "status": "passed", "steps": [{"name": "Найти элемент на странице", "status": "passed", "steps": [{"name": "Подождать прогрузки элемента", "status": "passed", "parameters": [{"name": "locator", "value": "('xpath', './/*[@alt=\"Флюоресцентная булка R2-D3\"]')"}], "start": 1719792876914, "stop": 1719792877485}], "parameters": [{"name": "locator", "value": "('xpath', './/*[@alt=\"Флюоресцентная булка R2-D3\"]')"}], "start": 1719792876913, "stop": 1719792877498}, {"name": "Найти элемент на странице", "status": "passed", "steps": [{"name": "Подождать прогрузки элемента", "status": "passed", "parameters": [{"name": "locator", "value": "('xpath', '//section[contains(@class, \"BurgerConstructor_basket\")]')"}], "start": 1719792877499, "stop": 1719792877529}], "parameters": [{"name": "locator", "value": "('xpath', '//section[contains(@class, \"BurgerConstructor_basket\")]')"}], "start": 1719792877498, "stop": 1719792877540}, {"name": "Перетащить элемент", "status": "passed", "parameters": [{"name": "source_element", "value": "<selenium.webdriver.remote.webelement.WebElement (session=\"7f4142989cfffd9f077064f10a02ac63\", element=\"f.A02FD8622C8E2D91B6AA28192E7AB4FC.d.95DFA063EC50CA1DA11D01D6FBA7516C.e.75\")>"}, {"name": "target_element", "value": "<selenium.webdriver.remote.webelement.WebElement (session=\"7f4142989cfffd9f077064f10a02ac63\", element=\"f.A02FD8622C8E2D91B6AA28192E7AB4FC.d.95DFA063EC50CA1DA11D01D6FBA7516C.e.76\")>"}], "start": 1719792877540, "stop": 1719792883121}], "start": 1719792876913, "stop": 1719792883121}, {"name": "Кликнуть на кнопку создания заказа", "status": "passed", "steps": [{"name": "Проверить кликабельность элемента", "status": "passed", "parameters": [{"name": "locator", "value": "('xpath', '//button[text()=\"Оформить заказ\"]')"}], "start": 1719792883121, "stop": 1719792883171}, {"name": "Кликнуть на элемент", "status": "passed", "steps": [{"name": "Проверить кликабельность элемента", "status": "passed", "parameters": [{"name": "locator", "value": "('xpath', '//button[text()=\"Оформить заказ\"]')"}], "start": 1719792883171, "stop": 1719792883212}], "parameters": [{"name": "locator", "value": "('xpath', '//button[text()=\"Оформить заказ\"]')"}], "start": 1719792883171, "stop": 1719792883504}], "start": 1719792883121, "stop": 1719792883504}, {"name": "Окно подтверждения заказа отображается", "status": "passed", "steps": [{"name": "Проверить отображение элемента", "status": "passed", "parameters": [{"name": "locator", "value": "('xpath', '//section[contains(@class, \"Modal_modal_opened\")]/div[contains(@class, \"Modal_modal__container\")]')"}], "start": 1719792883504, "stop": 1719792883536}], "start": 1719792883504, "stop": 1719792883536}], "parameters": [{"name": "driver", "value": "'chrome'"}], "start": 1719792876526, "stop": 1719792883536, "uuid": "edd32e34-9457-4fca-a8ac-4ee9fdde3a40", "historyId": "2af1da440ad4f1d0460f9921edfeedef", "testCaseId": "4491ffb2e5d5fba1f76ec49945138980", "fullName": "tests.test_main_page.TestMainPage#test_user_make_order_order_created", "labels": [{"name": "parentSuite", "value": "tests"}, {"name": "suite", "value": "test_main_page"}, {"name": "subSuite", "value": "TestMainPage"}, {"name": "host", "value": "Rayless"}, {"name": "thread", "value": "14104-MainThread"}, {"name": "framework", "value": "pytest"}, {"name": "language", "value": "cpython3"}, {"name": "package", "value": "tests.test_main_page"}]}