{"name": "Оформление заказа пользователем", "status": "broken", "statusDetails": {"message": "selenium.common.exceptions.TimeoutException: Message: \nStacktrace:\n\tGetHandleVerifier [0x00007FF7DEF2EEA2+31554]\n\t(No symbol) [0x00007FF7DEEA7ED9]\n\t(No symbol) [0x00007FF7DED6872A]\n\t(No symbol) [0x00007FF7DEDB8434]\n\t(No symbol) [0x00007FF7DEDB853C]\n\t(No symbol) [0x00007FF7DEDFF6A7]\n\t(No symbol) [0x00007FF7DEDDD06F]\n\t(No symbol) [0x00007FF7DEDFC977]\n\t(No symbol) [0x00007FF7DEDDCDD3]\n\t(No symbol) [0x00007FF7DEDAA33B]\n\t(No symbol) [0x00007FF7DEDAAED1]\n\tGetHandleVerifier [0x00007FF7DF238B1D+3217341]\n\tGetHandleVerifier [0x00007FF7DF285AE3+3532675]\n\tGetHandleVerifier [0x00007FF7DF27B0E0+3489152]\n\tGetHandleVerifier [0x00007FF7DEFDE776+750614]\n\t(No symbol) [0x00007FF7DEEB375F]\n\t(No symbol) [0x00007FF7DEEAEB14]\n\t(No symbol) [0x00007FF7DEEAECA2]\n\t(No symbol) [0x00007FF7DEE9E16F]\n\tBaseThreadInitThunk [0x00007FFE67AC53E0+16]\n\tRtlUserThreadStart [0x00007FFE6890485B+43]", "trace": "self = <tests.test_main_page.TestMainPage object at 0x00000240E9757F10>, driver = <selenium.webdriver.chrome.webdriver.WebDriver (session=\"83d175a473f43126aed3d2a76a95421b\")>\nset_token = None\n\n    @allure.title('Оформление заказа пользователем')\n    def test_user_make_order_order_created(self, driver, set_token):\n        main_page = MainPage(driver)\n    \n        main_page.click_button_login()\n        main_page.add_ingredient_to_basket()\n>       main_page.click_button_make_order()\n\ntests\\test_main_page.py:51: \n_ _ _ _ _ _ _ _ _ _ _ _ _ _ _ _ _ _ _ _ _ _ _ _ _ _ _ _ _ _ _ _ _ _ _ _ _ _ _ _ _ _ _ _ _ _ _ _ _ _ _ _ _ _ _ _ _ _ _ _ _ _ _ _ _ _ _ _ _ _ _ _ _ _ _ _ _ _ _ _ _ _ _ _ _ _ _ _ _ _ _ _\npage_objects\\main_page.py:69: in click_button_make_order\n    self.wait_visibility_of_element(MainPageLocators.button_make_order)\npage_objects\\base_page.py:13: in wait_visibility_of_element\n    WebDriverWait(self.driver, 10).until(expected_conditions.visibility_of_element_located(locator))\n_ _ _ _ _ _ _ _ _ _ _ _ _ _ _ _ _ _ _ _ _ _ _ _ _ _ _ _ _ _ _ _ _ _ _ _ _ _ _ _ _ _ _ _ _ _ _ _ _ _ _ _ _ _ _ _ _ _ _ _ _ _ _ _ _ _ _ _ _ _ _ _ _ _ _ _ _ _ _ _ _ _ _ _ _ _ _ _ _ _ _ _\n\nself = <selenium.webdriver.support.wait.WebDriverWait (session=\"83d175a473f43126aed3d2a76a95421b\")>\nmethod = <function visibility_of_element_located.<locals>._predicate at 0x00000240E978C9D0>, message = ''\n\n    def until(self, method: Callable[[D], Union[Literal[False], T]], message: str = \"\") -> T:\n        \"\"\"Calls the method provided with the driver as an argument until the \\\n        return value does not evaluate to ``False``.\n    \n        :param method: callable(WebDriver)\n        :param message: optional message for :exc:`TimeoutException`\n        :returns: the result of the last call to `method`\n        :raises: :exc:`selenium.common.exceptions.TimeoutException` if timeout occurs\n        \"\"\"\n        screen = None\n        stacktrace = None\n    \n        end_time = time.monotonic() + self._timeout\n        while True:\n            try:\n                value = method(self._driver)\n                if value:\n                    return value\n            except self._ignored_exceptions as exc:\n                screen = getattr(exc, \"screen\", None)\n                stacktrace = getattr(exc, \"stacktrace\", None)\n            time.sleep(self._poll)\n            if time.monotonic() > end_time:\n                break\n>       raise TimeoutException(message, screen, stacktrace)\nE       selenium.common.exceptions.TimeoutException: Message: \nE       Stacktrace:\nE       \tGetHandleVerifier [0x00007FF7DEF2EEA2+31554]\nE       \t(No symbol) [0x00007FF7DEEA7ED9]\nE       \t(No symbol) [0x00007FF7DED6872A]\nE       \t(No symbol) [0x00007FF7DEDB8434]\nE       \t(No symbol) [0x00007FF7DEDB853C]\nE       \t(No symbol) [0x00007FF7DEDFF6A7]\nE       \t(No symbol) [0x00007FF7DEDDD06F]\nE       \t(No symbol) [0x00007FF7DEDFC977]\nE       \t(No symbol) [0x00007FF7DEDDCDD3]\nE       \t(No symbol) [0x00007FF7DEDAA33B]\nE       \t(No symbol) [0x00007FF7DEDAAED1]\nE       \tGetHandleVerifier [0x00007FF7DF238B1D+3217341]\nE       \tGetHandleVerifier [0x00007FF7DF285AE3+3532675]\nE       \tGetHandleVerifier [0x00007FF7DF27B0E0+3489152]\nE       \tGetHandleVerifier [0x00007FF7DEFDE776+750614]\nE       \t(No symbol) [0x00007FF7DEEB375F]\nE       \t(No symbol) [0x00007FF7DEEAEB14]\nE       \t(No symbol) [0x00007FF7DEEAECA2]\nE       \t(No symbol) [0x00007FF7DEE9E16F]\nE       \tBaseThreadInitThunk [0x00007FFE67AC53E0+16]\nE       \tRtlUserThreadStart [0x00007FFE6890485B+43]\n\nvenv\\lib\\site-packages\\selenium\\webdriver\\support\\wait.py:105: TimeoutException"}, "steps": [{"name": "Кликнуть по кнопке \"Войти в аккаунт\"", "status": "passed", "steps": [{"name": "Кликнуть на элемент", "status": "passed", "steps": [{"name": "Проверить кликабельность элемента", "status": "passed", "parameters": [{"name": "locator", "value": "('xpath', './/button[text() = \"Войти в аккаунт\"]')"}], "start": 1719794235277, "stop": 1719794235327}], "parameters": [{"name": "locator", "value": "('xpath', './/button[text() = \"Войти в аккаунт\"]')"}], "start": 1719794235277, "stop": 1719794235617}], "start": 1719794235277, "stop": 1719794235617}, {"name": "Добавить интгридиент", "status": "passed", "steps": [{"name": "Найти элемент на странице", "status": "passed", "steps": [{"name": "Подождать прогрузки элемента", "status": "passed", "parameters": [{"name": "locator", "value": "('xpath', './/*[@alt=\"Флюоресцентная булка R2-D3\"]')"}], "start": 1719794235617, "stop": 1719794235660}], "parameters": [{"name": "locator", "value": "('xpath', './/*[@alt=\"Флюоресцентная булка R2-D3\"]')"}], "start": 1719794235617, "stop": 1719794235676}, {"name": "Найти элемент на странице", "status": "passed", "steps": [{"name": "Подождать прогрузки элемента", "status": "passed", "parameters": [{"name": "locator", "value": "('xpath', '//section[contains(@class, \"BurgerConstructor_basket\")]')"}], "start": 1719794235676, "stop": 1719794235709}], "parameters": [{"name": "locator", "value": "('xpath', '//section[contains(@class, \"BurgerConstructor_basket\")]')"}], "start": 1719794235676, "stop": 1719794235717}, {"name": "Перетащить элемент", "status": "passed", "parameters": [{"name": "source_element", "value": "<selenium.webdriver.remote.webelement.WebElement (session=\"83d175a473f43126aed3d2a76a95421b\", element=\"f.FA1C61AD8FABC035DF3F77702A31C27F.d.7E4A9C996F10F724CE68AD1844F28150.e.69\")>"}, {"name": "target_element", "value": "<selenium.webdriver.remote.webelement.WebElement (session=\"83d175a473f43126aed3d2a76a95421b\", element=\"f.FA1C61AD8FABC035DF3F77702A31C27F.d.7E4A9C996F10F724CE68AD1844F28150.e.70\")>"}], "start": 1719794235717, "stop": 1719794241307}], "start": 1719794235617, "stop": 1719794241307}, {"name": "Кликнуть на кнопку создания заказа", "status": "broken", "statusDetails": {"message": "selenium.common.exceptions.TimeoutException: Message: \nStacktrace:\n\tGetHandleVerifier [0x00007FF7DEF2EEA2+31554]\n\t(No symbol) [0x00007FF7DEEA7ED9]\n\t(No symbol) [0x00007FF7DED6872A]\n\t(No symbol) [0x00007FF7DEDB8434]\n\t(No symbol) [0x00007FF7DEDB853C]\n\t(No symbol) [0x00007FF7DEDFF6A7]\n\t(No symbol) [0x00007FF7DEDDD06F]\n\t(No symbol) [0x00007FF7DEDFC977]\n\t(No symbol) [0x00007FF7DEDDCDD3]\n\t(No symbol) [0x00007FF7DEDAA33B]\n\t(No symbol) [0x00007FF7DEDAAED1]\n\tGetHandleVerifier [0x00007FF7DF238B1D+3217341]\n\tGetHandleVerifier [0x00007FF7DF285AE3+3532675]\n\tGetHandleVerifier [0x00007FF7DF27B0E0+3489152]\n\tGetHandleVerifier [0x00007FF7DEFDE776+750614]\n\t(No symbol) [0x00007FF7DEEB375F]\n\t(No symbol) [0x00007FF7DEEAEB14]\n\t(No symbol) [0x00007FF7DEEAECA2]\n\t(No symbol) [0x00007FF7DEE9E16F]\n\tBaseThreadInitThunk [0x00007FFE67AC53E0+16]\n\tRtlUserThreadStart [0x00007FFE6890485B+43]\n\n", "trace": "  File \"C:\\Diplom_3\\venv\\lib\\site-packages\\allure_commons\\_allure.py\", line 192, in impl\n    return func(*a, **kw)\n  File \"C:\\Diplom_3\\page_objects\\main_page.py\", line 69, in click_button_make_order\n    self.wait_visibility_of_element(MainPageLocators.button_make_order)\n  File \"C:\\Diplom_3\\venv\\lib\\site-packages\\allure_commons\\_allure.py\", line 192, in impl\n    return func(*a, **kw)\n  File \"C:\\Diplom_3\\page_objects\\base_page.py\", line 13, in wait_visibility_of_element\n    WebDriverWait(self.driver, 10).until(expected_conditions.visibility_of_element_located(locator))\n  File \"C:\\Diplom_3\\venv\\lib\\site-packages\\selenium\\webdriver\\support\\wait.py\", line 105, in until\n    raise TimeoutException(message, screen, stacktrace)\n"}, "steps": [{"name": "Подождать прогрузки элемента", "status": "broken", "statusDetails": {"message": "selenium.common.exceptions.TimeoutException: Message: \nStacktrace:\n\tGetHandleVerifier [0x00007FF7DEF2EEA2+31554]\n\t(No symbol) [0x00007FF7DEEA7ED9]\n\t(No symbol) [0x00007FF7DED6872A]\n\t(No symbol) [0x00007FF7DEDB8434]\n\t(No symbol) [0x00007FF7DEDB853C]\n\t(No symbol) [0x00007FF7DEDFF6A7]\n\t(No symbol) [0x00007FF7DEDDD06F]\n\t(No symbol) [0x00007FF7DEDFC977]\n\t(No symbol) [0x00007FF7DEDDCDD3]\n\t(No symbol) [0x00007FF7DEDAA33B]\n\t(No symbol) [0x00007FF7DEDAAED1]\n\tGetHandleVerifier [0x00007FF7DF238B1D+3217341]\n\tGetHandleVerifier [0x00007FF7DF285AE3+3532675]\n\tGetHandleVerifier [0x00007FF7DF27B0E0+3489152]\n\tGetHandleVerifier [0x00007FF7DEFDE776+750614]\n\t(No symbol) [0x00007FF7DEEB375F]\n\t(No symbol) [0x00007FF7DEEAEB14]\n\t(No symbol) [0x00007FF7DEEAECA2]\n\t(No symbol) [0x00007FF7DEE9E16F]\n\tBaseThreadInitThunk [0x00007FFE67AC53E0+16]\n\tRtlUserThreadStart [0x00007FFE6890485B+43]\n\n", "trace": "  File \"C:\\Diplom_3\\venv\\lib\\site-packages\\allure_commons\\_allure.py\", line 192, in impl\n    return func(*a, **kw)\n  File \"C:\\Diplom_3\\page_objects\\base_page.py\", line 13, in wait_visibility_of_element\n    WebDriverWait(self.driver, 10).until(expected_conditions.visibility_of_element_located(locator))\n  File \"C:\\Diplom_3\\venv\\lib\\site-packages\\selenium\\webdriver\\support\\wait.py\", line 105, in until\n    raise TimeoutException(message, screen, stacktrace)\n"}, "parameters": [{"name": "locator", "value": "('xpath', '//button[text()=\"Оформить заказ\"]')"}], "start": 1719794241307, "stop": 1719794251721}], "start": 1719794241307, "stop": 1719794251721}], "parameters": [{"name": "driver", "value": "'chrome'"}], "start": 1719794235277, "stop": 1719794251721, "uuid": "acad1c0a-f958-4259-bbab-b17833b324c9", "historyId": "2af1da440ad4f1d0460f9921edfeedef", "testCaseId": "4491ffb2e5d5fba1f76ec49945138980", "fullName": "tests.test_main_page.TestMainPage#test_user_make_order_order_created", "labels": [{"name": "parentSuite", "value": "tests"}, {"name": "suite", "value": "test_main_page"}, {"name": "subSuite", "value": "TestMainPage"}, {"name": "host", "value": "Rayless"}, {"name": "thread", "value": "19048-MainThread"}, {"name": "framework", "value": "pytest"}, {"name": "language", "value": "cpython3"}, {"name": "package", "value": "tests.test_main_page"}]}