{"name": "Оформление заказа пользователем", "status": "broken", "statusDetails": {"message": "selenium.common.exceptions.TimeoutException: Message: \nStacktrace:\nRemoteError@chrome://remote/content/shared/RemoteError.sys.mjs:8:8\nWebDriverError@chrome://remote/content/shared/webdriver/Errors.sys.mjs:193:5\nNoSuchElementError@chrome://remote/content/shared/webdriver/Errors.sys.mjs:511:5\ndom.find/</<@chrome://remote/content/shared/DOM.sys.mjs:136:16", "trace": "self = <tests.test_main_page.TestMainPage object at 0x000002CEDE0B0D00>, driver = <selenium.webdriver.firefox.webdriver.WebDriver (session=\"bfd2babe-5517-4812-887d-cb74caa64456\")>\nset_token = None\n\n    @allure.title('Оформление заказа пользователем')\n    def test_user_make_order_order_created(self, driver, set_token):\n        main_page = MainPage(driver)\n    \n        main_page.click_button_login()\n        main_page.add_ingredient_to_basket()\n>       main_page.click_button_make_order()\n\ntests\\test_main_page.py:51: \n_ _ _ _ _ _ _ _ _ _ _ _ _ _ _ _ _ _ _ _ _ _ _ _ _ _ _ _ _ _ _ _ _ _ _ _ _ _ _ _ _ _ _ _ _ _ _ _ _ _ _ _ _ _ _ _ _ _ _ _ _ _ _ _ _ _ _ _ _ _ _ _ _ _ _ _ _ _ _ _ _ _ _ _ _ _ _ _ _ _ _ _\npage_objects\\main_page.py:68: in click_button_make_order\n    self.check_element_is_clickable(MainPageLocators.button_make_order)\npage_objects\\base_page.py:49: in check_element_is_clickable\n    return WebDriverWait(self.driver, 15).until(expected_conditions.element_to_be_clickable(locator))\n_ _ _ _ _ _ _ _ _ _ _ _ _ _ _ _ _ _ _ _ _ _ _ _ _ _ _ _ _ _ _ _ _ _ _ _ _ _ _ _ _ _ _ _ _ _ _ _ _ _ _ _ _ _ _ _ _ _ _ _ _ _ _ _ _ _ _ _ _ _ _ _ _ _ _ _ _ _ _ _ _ _ _ _ _ _ _ _ _ _ _ _\n\nself = <selenium.webdriver.support.wait.WebDriverWait (session=\"bfd2babe-5517-4812-887d-cb74caa64456\")>\nmethod = <function element_to_be_clickable.<locals>._predicate at 0x000002CEE07E1DC0>, message = ''\n\n    def until(self, method: Callable[[D], Union[Literal[False], T]], message: str = \"\") -> T:\n        \"\"\"Calls the method provided with the driver as an argument until the \\\n        return value does not evaluate to ``False``.\n    \n        :param method: callable(WebDriver)\n        :param message: optional message for :exc:`TimeoutException`\n        :returns: the result of the last call to `method`\n        :raises: :exc:`selenium.common.exceptions.TimeoutException` if timeout occurs\n        \"\"\"\n        screen = None\n        stacktrace = None\n    \n        end_time = time.monotonic() + self._timeout\n        while True:\n            try:\n                value = method(self._driver)\n                if value:\n                    return value\n            except self._ignored_exceptions as exc:\n                screen = getattr(exc, \"screen\", None)\n                stacktrace = getattr(exc, \"stacktrace\", None)\n            time.sleep(self._poll)\n            if time.monotonic() > end_time:\n                break\n>       raise TimeoutException(message, screen, stacktrace)\nE       selenium.common.exceptions.TimeoutException: Message: \nE       Stacktrace:\nE       RemoteError@chrome://remote/content/shared/RemoteError.sys.mjs:8:8\nE       WebDriverError@chrome://remote/content/shared/webdriver/Errors.sys.mjs:193:5\nE       NoSuchElementError@chrome://remote/content/shared/webdriver/Errors.sys.mjs:511:5\nE       dom.find/</<@chrome://remote/content/shared/DOM.sys.mjs:136:16\n\nvenv\\lib\\site-packages\\selenium\\webdriver\\support\\wait.py:105: TimeoutException"}, "steps": [{"name": "Кликнуть по кнопке \"Войти в аккаунт\"", "status": "passed", "steps": [{"name": "Кликнуть на элемент", "status": "passed", "steps": [{"name": "Проверить кликабельность элемента", "status": "passed", "parameters": [{"name": "locator", "value": "('xpath', './/button[text() = \"Войти в аккаунт\"]')"}], "start": 1719792896746, "stop": 1719792896781}], "parameters": [{"name": "locator", "value": "('xpath', './/button[text() = \"Войти в аккаунт\"]')"}], "start": 1719792896746, "stop": 1719792897073}], "start": 1719792896745, "stop": 1719792897073}, {"name": "Добавить интгридиент", "status": "passed", "steps": [{"name": "Найти элемент на странице", "status": "passed", "steps": [{"name": "Подождать прогрузки элемента", "status": "passed", "parameters": [{"name": "locator", "value": "('xpath', './/*[@alt=\"Флюоресцентная булка R2-D3\"]')"}], "start": 1719792897074, "stop": 1719792897100}], "parameters": [{"name": "locator", "value": "('xpath', './/*[@alt=\"Флюоресцентная булка R2-D3\"]')"}], "start": 1719792897073, "stop": 1719792897105}, {"name": "Найти элемент на странице", "status": "passed", "steps": [{"name": "Подождать прогрузки элемента", "status": "passed", "parameters": [{"name": "locator", "value": "('xpath', '//section[contains(@class, \"BurgerConstructor_basket\")]')"}], "start": 1719792897106, "stop": 1719792897120}], "parameters": [{"name": "locator", "value": "('xpath', '//section[contains(@class, \"BurgerConstructor_basket\")]')"}], "start": 1719792897105, "stop": 1719792897124}, {"name": "Перетащить элемент", "status": "passed", "parameters": [{"name": "source_element", "value": "<selenium.webdriver.remote.webelement.WebElement (session=\"bfd2babe-5517-4812-887d-cb74caa64456\", element=\"fb196a1c-7dd9-4235-82d9-cbb7597001ce\")>"}, {"name": "target_element", "value": "<selenium.webdriver.remote.webelement.WebElement (session=\"bfd2babe-5517-4812-887d-cb74caa64456\", element=\"aa919346-801e-4e37-ab8a-b0fa5e8985dd\")>"}], "start": 1719792897124, "stop": 1719792902728}], "start": 1719792897073, "stop": 1719792902728}, {"name": "Кликнуть на кнопку создания заказа", "status": "broken", "statusDetails": {"message": "selenium.common.exceptions.TimeoutException: Message: \nStacktrace:\nRemoteError@chrome://remote/content/shared/RemoteError.sys.mjs:8:8\nWebDriverError@chrome://remote/content/shared/webdriver/Errors.sys.mjs:193:5\nNoSuchElementError@chrome://remote/content/shared/webdriver/Errors.sys.mjs:511:5\ndom.find/</<@chrome://remote/content/shared/DOM.sys.mjs:136:16\n\n", "trace": "  File \"C:\\Diplom_3\\venv\\lib\\site-packages\\allure_commons\\_allure.py\", line 192, in impl\n    return func(*a, **kw)\n  File \"C:\\Diplom_3\\page_objects\\main_page.py\", line 68, in click_button_make_order\n    self.check_element_is_clickable(MainPageLocators.button_make_order)\n  File \"C:\\Diplom_3\\venv\\lib\\site-packages\\allure_commons\\_allure.py\", line 192, in impl\n    return func(*a, **kw)\n  File \"C:\\Diplom_3\\page_objects\\base_page.py\", line 49, in check_element_is_clickable\n    return WebDriverWait(self.driver, 15).until(expected_conditions.element_to_be_clickable(locator))\n  File \"C:\\Diplom_3\\venv\\lib\\site-packages\\selenium\\webdriver\\support\\wait.py\", line 105, in until\n    raise TimeoutException(message, screen, stacktrace)\n"}, "steps": [{"name": "Проверить кликабельность элемента", "status": "broken", "statusDetails": {"message": "selenium.common.exceptions.TimeoutException: Message: \nStacktrace:\nRemoteError@chrome://remote/content/shared/RemoteError.sys.mjs:8:8\nWebDriverError@chrome://remote/content/shared/webdriver/Errors.sys.mjs:193:5\nNoSuchElementError@chrome://remote/content/shared/webdriver/Errors.sys.mjs:511:5\ndom.find/</<@chrome://remote/content/shared/DOM.sys.mjs:136:16\n\n", "trace": "  File \"C:\\Diplom_3\\venv\\lib\\site-packages\\allure_commons\\_allure.py\", line 192, in impl\n    return func(*a, **kw)\n  File \"C:\\Diplom_3\\page_objects\\base_page.py\", line 49, in check_element_is_clickable\n    return WebDriverWait(self.driver, 15).until(expected_conditions.element_to_be_clickable(locator))\n  File \"C:\\Diplom_3\\venv\\lib\\site-packages\\selenium\\webdriver\\support\\wait.py\", line 105, in until\n    raise TimeoutException(message, screen, stacktrace)\n"}, "parameters": [{"name": "locator", "value": "('xpath', '//button[text()=\"Оформить заказ\"]')"}], "start": 1719792902728, "stop": 1719792917925}], "start": 1719792902728, "stop": 1719792917925}], "parameters": [{"name": "driver", "value": "'firefox'"}], "start": 1719792896744, "stop": 1719792917925, "uuid": "eaab93d0-c729-4a12-a1ae-766d1d84608b", "historyId": "325444968041057dc5be53fd62896c7c", "testCaseId": "4491ffb2e5d5fba1f76ec49945138980", "fullName": "tests.test_main_page.TestMainPage#test_user_make_order_order_created", "labels": [{"name": "parentSuite", "value": "tests"}, {"name": "suite", "value": "test_main_page"}, {"name": "subSuite", "value": "TestMainPage"}, {"name": "host", "value": "Rayless"}, {"name": "thread", "value": "14104-MainThread"}, {"name": "framework", "value": "pytest"}, {"name": "language", "value": "cpython3"}, {"name": "package", "value": "tests.test_main_page"}]}